2022-01-07 12:30:32,457:INFO:Server version : 1.16.5
2022-01-07 12:30:32,458:INFO:Server MOTD : Danielosid Edition
2022-01-07 12:30:32,458:INFO:Players : []
2022-01-07 12:30:32,458:INFO:==============
2022-01-07 12:30:35,382:INFO:Server version : 1.16.5
2022-01-07 12:30:35,382:INFO:Server MOTD : Danielosid Edition
2022-01-07 12:30:35,382:INFO:Players : []
2022-01-07 12:30:35,382:INFO:==============
2022-01-08 00:40:16,376:INFO:Server version : 1.16.5
2022-01-08 00:40:16,376:INFO:Server MOTD : Danielosid Edition
2022-01-08 00:40:16,376:INFO:Players : ['Coconasu']
2022-01-08 00:40:16,376:INFO:==============
2022-01-08 00:40:58,743:INFO:Server version : 1.16.5
2022-01-08 00:40:58,743:INFO:Server MOTD : Danielosid Edition
2022-01-08 00:40:58,743:INFO:Players : ['Coconasu', 'GearMaker']
2022-01-08 00:40:58,743:INFO:==============
2022-01-08 00:41:16,926:INFO:82.854
2022-01-08 00:41:16,927:INFO:Server version : 1.16.5
2022-01-08 00:41:16,927:INFO:Server MOTD : Danielosid Edition
2022-01-08 00:41:16,927:INFO:Players : ['Coconasu', 'GearMaker']
2022-01-08 00:41:16,927:INFO:==============
2022-01-08 00:49:57,062:INFO:81.22600000000001
2022-01-08 00:49:57,062:INFO:Server version : 1.16.5
2022-01-08 00:49:57,062:INFO:Server MOTD : Danielosid Edition
2022-01-08 00:49:57,062:INFO:Players : []
2022-01-08 00:49:57,062:INFO:==============
